<?xml version="1.0" encoding="utf-8"?><testsuites name="pytest tests"><testsuite name="pytest" errors="0" failures="0" skipped="1" tests="18" time="4.074" timestamp="2026-02-25T18:16:19.459102+00:00" hostname="agent-env-a54fbf42-5b83-4da2-8da7-6a63852e958c"><testcase classname="backend.tests.test_party_ledger_a5.TestPartyMaster" name="test_list_parties" time="0.734" /><testcase classname="backend.tests.test_party_ledger_a5.TestPartyMaster" name="test_create_party" time="0.124" /><testcase classname="backend.tests.test_party_ledger_a5.TestPartyMaster" name="test_get_party_by_id" time="0.205" /><testcase classname="backend.tests.test_party_ledger_a5.TestPartyMaster" name="test_update_party" time="0.289" /><testcase classname="backend.tests.test_party_ledger_a5.TestPartyMaster" name="test_search_parties" time="0.230" /><testcase classname="backend.tests.test_party_ledger_a5.TestPartyMaster" name="test_delete_party" time="0.271" /><testcase classname="backend.tests.test_party_ledger_a5.TestPartyLedger" name="test_get_available_fys" time="0.156" /><testcase classname="backend.tests.test_party_ledger_a5.TestPartyLedger" name="test_list_party_ledgers" time="0.166" /><testcase classname="backend.tests.test_party_ledger_a5.TestPartyLedger" name="test_get_party_ledger_detail" time="0.295" /><testcase classname="backend.tests.test_party_ledger_a5.TestPartyLedger" name="test_add_payment" time="0.260" /><testcase classname="backend.tests.test_party_ledger_a5.TestPartyLedger" name="test_add_manual_debit" time="0.237" /><testcase classname="backend.tests.test_party_ledger_a5.TestPartyLedger" name="test_add_manual_credit" time="0.224" /><testcase classname="backend.tests.test_party_ledger_a5.TestInvoicePartyIntegration" name="test_create_invoice_with_party" time="0.205" /><testcase classname="backend.tests.test_party_ledger_a5.TestInvoicePartyIntegration" name="test_push_invoice_creates_ledger_entry" time="0.000"><skipped type="pytest.skip" message="No test invoice created">/app/backend/tests/test_party_ledger_a5.py:320: No test invoice created</skipped></testcase><testcase classname="backend.tests.test_party_ledger_a5.TestDataValidation" name="test_party_name_required" time="0.203" /><testcase classname="backend.tests.test_party_ledger_a5.TestDataValidation" name="test_duplicate_party_name" time="0.161" /><testcase classname="backend.tests.test_party_ledger_a5.TestDataValidation" name="test_invalid_party_id_returns_404" time="0.119" /><testcase classname="backend.tests.test_party_ledger_a5.TestDataValidation" name="test_invalid_ledger_party_id_returns_404" time="0.120" /></testsuite></testsuites>