<?xml version="1.0" encoding="utf-8"?><testsuites name="pytest tests"><testsuite name="pytest" errors="0" failures="4" skipped="1" tests="18" time="4.959" timestamp="2026-02-25T18:14:54.641714+00:00" hostname="agent-env-a54fbf42-5b83-4da2-8da7-6a63852e958c"><testcase classname="backend.tests.test_party_ledger_a5.TestPartyMaster" name="test_list_parties" time="0.669" /><testcase classname="backend.tests.test_party_ledger_a5.TestPartyMaster" name="test_create_party" time="0.138" /><testcase classname="backend.tests.test_party_ledger_a5.TestPartyMaster" name="test_get_party_by_id" time="0.293" /><testcase classname="backend.tests.test_party_ledger_a5.TestPartyMaster" name="test_update_party" time="0.276" /><testcase classname="backend.tests.test_party_ledger_a5.TestPartyMaster" name="test_search_parties" time="0.132" /><testcase classname="backend.tests.test_party_ledger_a5.TestPartyMaster" name="test_delete_party" time="0.398" /><testcase classname="backend.tests.test_party_ledger_a5.TestPartyLedger" name="test_get_available_fys" time="0.108" /><testcase classname="backend.tests.test_party_ledger_a5.TestPartyLedger" name="test_list_party_ledgers" time="0.185" /><testcase classname="backend.tests.test_party_ledger_a5.TestPartyLedger" name="test_get_party_ledger_detail" time="0.216"><failure message="assert 500 == 200&#10; +  where 500 = &lt;Response [500]&gt;.status_code">backend/tests/test_party_ledger_a5.py:186: in test_get_party_ledger_detail
    assert response.status_code == 200
E   assert 500 == 200
E    +  where 500 = &lt;Response [500]&gt;.status_code</failure></testcase><testcase classname="backend.tests.test_party_ledger_a5.TestPartyLedger" name="test_add_payment" time="0.308"><failure message="assert 500 == 200&#10; +  where 500 = &lt;Response [500]&gt;.status_code">backend/tests/test_party_ledger_a5.py:220: in test_add_payment
    assert response.status_code == 200
E   assert 500 == 200
E    +  where 500 = &lt;Response [500]&gt;.status_code</failure></testcase><testcase classname="backend.tests.test_party_ledger_a5.TestPartyLedger" name="test_add_manual_debit" time="0.450"><failure message="assert 500 == 200&#10; +  where 500 = &lt;Response [500]&gt;.status_code">backend/tests/test_party_ledger_a5.py:242: in test_add_manual_debit
    assert response.status_code == 200
E   assert 500 == 200
E    +  where 500 = &lt;Response [500]&gt;.status_code</failure></testcase><testcase classname="backend.tests.test_party_ledger_a5.TestPartyLedger" name="test_add_manual_credit" time="0.229"><failure message="assert 500 == 200&#10; +  where 500 = &lt;Response [500]&gt;.status_code">backend/tests/test_party_ledger_a5.py:264: in test_add_manual_credit
    assert response.status_code == 200
E   assert 500 == 200
E    +  where 500 = &lt;Response [500]&gt;.status_code</failure></testcase><testcase classname="backend.tests.test_party_ledger_a5.TestInvoicePartyIntegration" name="test_create_invoice_with_party" time="0.201" /><testcase classname="backend.tests.test_party_ledger_a5.TestInvoicePartyIntegration" name="test_push_invoice_creates_ledger_entry" time="0.001"><skipped type="pytest.skip" message="No test invoice created">/app/backend/tests/test_party_ledger_a5.py:320: No test invoice created</skipped></testcase><testcase classname="backend.tests.test_party_ledger_a5.TestDataValidation" name="test_party_name_required" time="0.182" /><testcase classname="backend.tests.test_party_ledger_a5.TestDataValidation" name="test_duplicate_party_name" time="0.168" /><testcase classname="backend.tests.test_party_ledger_a5.TestDataValidation" name="test_invalid_party_id_returns_404" time="0.146" /><testcase classname="backend.tests.test_party_ledger_a5.TestDataValidation" name="test_invalid_ledger_party_id_returns_404" time="0.664" /></testsuite></testsuites>