<?xml version="1.0" encoding="utf-8"?><testsuites name="pytest tests"><testsuite name="pytest" errors="0" failures="2" skipped="1" tests="17" time="3.442" timestamp="2026-02-25T11:12:09.936866+00:00" hostname="agent-env-a54fbf42-5b83-4da2-8da7-6a63852e958c"><testcase classname="tests.test_purchase_invoice_a4.TestPurchaseInvoiceList" name="test_list_invoices" time="0.579" /><testcase classname="tests.test_purchase_invoice_a4.TestPurchaseInvoiceList" name="test_list_invoices_pagination" time="0.105" /><testcase classname="tests.test_purchase_invoice_a4.TestPurchaseInvoiceList" name="test_list_invoices_filters" time="0.122" /><testcase classname="tests.test_purchase_invoice_a4.TestPurchaseInvoiceMetrics" name="test_metrics_endpoint" time="0.131" /><testcase classname="tests.test_purchase_invoice_a4.TestPurchaseInvoiceMetrics" name="test_metrics_with_date_filter" time="0.121" /><testcase classname="tests.test_purchase_invoice_a4.TestPurchaseInvoiceCreate" name="test_create_invoice_with_farmer_mobile" time="0.169" /><testcase classname="tests.test_purchase_invoice_a4.TestPurchaseInvoiceCreate" name="test_create_invoice_without_farmer_mobile" time="0.131" /><testcase classname="tests.test_purchase_invoice_a4.TestPurchaseInvoiceDetail" name="test_get_invoice_detail" time="0.190"><failure message="AssertionError: assert 'farmer_mobile' in {'advance_paid': 50000.0, 'agent_ref_name': 'Test Agent', 'approved_at': '2026-02-25T09:48:08.775315+00:00', 'approved_by': '43eebc19-2f98-4685-8482-68deeb6fa9b2', ...}">tests/test_purchase_invoice_a4.py:211: in test_get_invoice_detail
    assert "farmer_mobile" in data  # A4 field
    ^^^^^^^^^^^^^^^^^^^^^^^^^^^^^^
E   AssertionError: assert 'farmer_mobile' in {'advance_paid': 50000.0, 'agent_ref_name': 'Test Agent', 'approved_at': '2026-02-25T09:48:08.775315+00:00', 'approved_by': '43eebc19-2f98-4685-8482-68deeb6fa9b2', ...}</failure></testcase><testcase classname="tests.test_purchase_invoice_a4.TestManualAuditToggle" name="test_toggle_manual_audit_on" time="0.243" /><testcase classname="tests.test_purchase_invoice_a4.TestManualAuditToggle" name="test_toggle_manual_audit_off" time="0.222" /><testcase classname="tests.test_purchase_invoice_a4.TestExportFunctionality" name="test_export_all_invoices" time="0.110"><failure message="AssertionError: Missing export field: farmer_mobile&#10;assert 'farmer_mobile' in {'advance_paid': 50000.0, 'agent_ref_name': 'Test Agent', 'approved_at': '2026-02-25T09:48:08.775315+00:00', 'approved_by': '43eebc19-2f98-4685-8482-68deeb6fa9b2', ...}">tests/test_purchase_invoice_a4.py:298: in test_export_all_invoices
    assert field in invoice, f"Missing export field: {field}"
E   AssertionError: Missing export field: farmer_mobile
E   assert 'farmer_mobile' in {'advance_paid': 50000.0, 'agent_ref_name': 'Test Agent', 'approved_at': '2026-02-25T09:48:08.775315+00:00', 'approved_by': '43eebc19-2f98-4685-8482-68deeb6fa9b2', ...}</failure></testcase><testcase classname="tests.test_purchase_invoice_a4.TestExportFunctionality" name="test_export_with_filters" time="0.125" /><testcase classname="tests.test_purchase_invoice_a4.TestProcurementLotsSpeciesEnumFix" name="test_procurement_lots_list" time="0.109" /><testcase classname="tests.test_purchase_invoice_a4.TestProcurementLotsSpeciesEnumFix" name="test_create_procurement_lot_with_species" time="0.115"><skipped type="pytest.skip" message="No agents available">/app/backend/tests/test_purchase_invoice_a4.py:339: No agents available</skipped></testcase><testcase classname="tests.test_purchase_invoice_a4.TestInvoiceWorkflow" name="test_approve_invoice" time="0.227" /><testcase classname="tests.test_purchase_invoice_a4.TestInvoiceWorkflow" name="test_download_pdf" time="0.215" /><testcase classname="tests.test_purchase_invoice_a4.TestCleanup" name="test_cleanup_test_invoices" time="0.232" /></testsuite></testsuites>