<?xml version="1.0" encoding="utf-8"?><testsuites name="pytest tests"><testsuite name="pytest" errors="0" failures="0" skipped="0" tests="15" time="2.650" timestamp="2026-02-22T10:01:12.474343+00:00" hostname="agent-env-9eaf9c47-0698-4825-b240-9c2b3ce55c52"><testcase classname="backend.tests.test_wastage_features.TestMarketRatesCRUD" name="test_get_market_rates_empty_or_list" time="0.551" /><testcase classname="backend.tests.test_wastage_features.TestMarketRatesCRUD" name="test_create_market_rate" time="0.115" /><testcase classname="backend.tests.test_wastage_features.TestMarketRatesCRUD" name="test_get_active_market_rates" time="0.113" /><testcase classname="backend.tests.test_wastage_features.TestLotStageWastage" name="test_get_wastage_dashboard_stats" time="0.108" /><testcase classname="backend.tests.test_wastage_features.TestLotStageWastage" name="test_get_wastage_breach_alerts" time="0.102" /><testcase classname="backend.tests.test_wastage_features.TestLotStageWastage" name="test_get_stage_wastage_summary" time="0.100" /><testcase classname="backend.tests.test_wastage_features.TestLotWaterfall" name="test_get_procurement_lots_for_waterfall" time="0.112" /><testcase classname="backend.tests.test_wastage_features.TestLotWaterfall" name="test_get_lot_waterfall" time="0.100" /><testcase classname="backend.tests.test_wastage_features.TestLotWaterfall" name="test_get_lot_stage_wastage" time="0.101" /><testcase classname="backend.tests.test_wastage_features.TestYieldBenchmarks" name="test_get_yield_benchmarks" time="0.102" /><testcase classname="backend.tests.test_wastage_features.TestProcurementWithWastage" name="test_get_agent_for_procurement" time="0.095" /><testcase classname="backend.tests.test_wastage_features.TestProcurementWithWastage" name="test_create_procurement_lot_creates_wastage" time="0.213" /><testcase classname="backend.tests.test_wastage_features.TestPreprocessingWithWastage" name="test_create_preprocessing_batch_creates_wastage" time="0.359" /><testcase classname="backend.tests.test_wastage_features.TestMissingEndpoints" name="test_market_rate_update_endpoint_missing" time="0.201" /><testcase classname="backend.tests.test_wastage_features.TestMissingEndpoints" name="test_market_rate_delete_endpoint_missing" time="0.221" /></testsuite></testsuites>