<?xml version="1.0" encoding="utf-8"?><testsuites name="pytest tests"><testsuite name="pytest" errors="0" failures="3" skipped="0" tests="13" time="24.032" timestamp="2026-03-02T04:10:51.957921+00:00" hostname="agent-env-fda95f81-ff0d-4246-af16-cbc5ee81f9c5"><testcase classname="backend.tests.test_super_admin_features.TestSuperAdminAuth" name="test_super_admin_login_success" time="0.461" /><testcase classname="backend.tests.test_super_admin_features.TestSuperAdminAuth" name="test_super_admin_login_invalid_credentials" time="0.140"><failure message="assert 200 == 401&#10; +  where 200 = &lt;Response [200]&gt;.status_code">backend/tests/test_super_admin_features.py:68: in test_super_admin_login_invalid_credentials
    assert response.status_code == 401
E   assert 200 == 401
E    +  where 200 = &lt;Response [200]&gt;.status_code</failure></testcase><testcase classname="backend.tests.test_super_admin_features.TestSuperAdminClients" name="test_get_clients_list" time="0.504" /><testcase classname="backend.tests.test_super_admin_features.TestSuperAdminClients" name="test_create_client_success" time="0.146"><failure message="AssertionError: Create client failed: {&quot;client&quot;:{&quot;id&quot;:&quot;f795a9a2-b5d2-41b4-b3e1-e55020f09366&quot;,&quot;tenant_id&quot;:&quot;test_tenant_6373f961&quot;,&quot;business_name&quot;:&quot;Test Business 6373f961&quot;,&quot;owner_email&quot;:&quot;owner_6373f961@test.com&quot;,&quot;owner_name&quot;:&quot;Test Owner&quot;,&quot;plan_id&quot;:&quot;free&quot;,&quot;subscription_status&quot;:&quot;active&quot;,&quot;subscription_to&quot;:&quot;2026-04-01T04:10:53.389245+00:00&quot;,&quot;is_active&quot;:true,&quot;api_key_hash&quot;:&quot;237d039f991fcf67560418a52342a7279456602428199ce7fe64781193775c2c&quot;,&quot;link_status&quot;:&quot;pending&quot;,&quot;branding&quot;:{},&quot;created_at&quot;:&quot;2026-03-02T04:10:53.389263+00:00&quot;,&quot;updated_at&quot;:&quot;2026-03-02T04:10:53.389265+00:00&quot;},&quot;api_key&quot;:&quot;pk_b7f6914edb6a48bb93c4390c3e46fe8f&quot;}&#10;assert 200 == 201&#10; +  where 200 = &lt;Response [200]&gt;.status_code">backend/tests/test_super_admin_features.py:107: in test_create_client_success
    assert response.status_code == 201, f"Create client failed: {response.text}"
E   AssertionError: Create client failed: {"client":{"id":"f795a9a2-b5d2-41b4-b3e1-e55020f09366","tenant_id":"test_tenant_6373f961","business_name":"Test Business 6373f961","owner_email":"owner_6373f961@test.com","owner_name":"Test Owner","plan_id":"free","subscription_status":"active","subscription_to":"2026-04-01T04:10:53.389245+00:00","is_active":true,"api_key_hash":"237d039f991fcf67560418a52342a7279456602428199ce7fe64781193775c2c","link_status":"pending","branding":{},"created_at":"2026-03-02T04:10:53.389263+00:00","updated_at":"2026-03-02T04:10:53.389265+00:00"},"api_key":"pk_b7f6914edb6a48bb93c4390c3e46fe8f"}
E   assert 200 == 201
E    +  where 200 = &lt;Response [200]&gt;.status_code</failure></testcase><testcase classname="backend.tests.test_super_admin_features.TestSuperAdminClients" name="test_create_client_duplicate_tenant_id_fails" time="0.142"><failure message="assert 200 == 201&#10; +  where 200 = &lt;Response [200]&gt;.status_code">backend/tests/test_super_admin_features.py:142: in test_create_client_duplicate_tenant_id_fails
    assert response1.status_code == 201
E   assert 200 == 201
E    +  where 200 = &lt;Response [200]&gt;.status_code</failure></testcase><testcase classname="backend.tests.test_super_admin_features.TestSuperAdminClients" name="test_get_client_detail" time="0.274" /><testcase classname="backend.tests.test_super_admin_features.TestSuperAdminFeatures" name="test_get_client_features" time="0.262" /><testcase classname="backend.tests.test_super_admin_features.TestSuperAdminFeatures" name="test_toggle_feature_enable" time="0.300" /><testcase classname="backend.tests.test_super_admin_features.TestSuperAdminFeatures" name="test_toggle_feature_disable" time="0.411" /><testcase classname="backend.tests.test_super_admin_features.TestClientERPAuth" name="test_client_erp_login_success" time="0.354" /><testcase classname="backend.tests.test_super_admin_features.TestClientERPAuth" name="test_client_erp_me_has_party_ledger_feature" time="20.535" /><testcase classname="backend.tests.test_super_admin_features.TestPartiesAPI" name="test_list_parties" time="0.154" /><testcase classname="backend.tests.test_super_admin_features.TestPartiesAPI" name="test_create_party" time="0.132" /></testsuite></testsuites>