<?xml version="1.0" encoding="utf-8"?><testsuites name="pytest tests"><testsuite name="pytest" errors="0" failures="0" skipped="0" tests="13" time="16.277" timestamp="2026-03-10T07:30:43.625760+00:00" hostname="agent-env-76ffea9c-dcdd-4202-b1a3-18e777badb6d"><testcase classname="backend.tests.test_super_admin_panel.TestSuperAdminAuth" name="test_super_admin_login_via_main_auth" time="0.422" /><testcase classname="backend.tests.test_super_admin_panel.TestSuperAdminAuth" name="test_super_admin_wrong_password" time="0.332" /><testcase classname="backend.tests.test_super_admin_panel.TestPanelDataLoading" name="test_tenants_list_loads" time="0.435" /><testcase classname="backend.tests.test_super_admin_panel.TestPanelDataLoading" name="test_metrics_load" time="0.097" /><testcase classname="backend.tests.test_super_admin_panel.TestPanelDataLoading" name="test_both_endpoints_work_for_promise_all" time="0.158" /><testcase classname="backend.tests.test_super_admin_panel.TestFeatureFlagManagement" name="test_get_tenant_features" time="0.199" /><testcase classname="backend.tests.test_super_admin_panel.TestFeatureFlagManagement" name="test_update_tenant_features" time="0.453" /><testcase classname="backend.tests.test_super_admin_panel.TestAccessControl" name="test_client_cannot_access_tenants" time="0.432" /><testcase classname="backend.tests.test_super_admin_panel.TestAccessControl" name="test_client_cannot_access_metrics" time="0.100" /><testcase classname="backend.tests.test_super_admin_panel.TestAccessControl" name="test_unauthenticated_cannot_access_tenants" time="0.116" /><testcase classname="backend.tests.test_super_admin_panel.TestAccessControl" name="test_client_role_is_not_super_admin" time="12.868" /><testcase classname="backend.tests.test_super_admin_panel.TestTenantCreation" name="test_create_tenant_via_wizard" time="0.447" /><testcase classname="backend.tests.test_super_admin_panel.TestTenantCreation" name="test_duplicate_slug_rejected" time="0.107" /></testsuite></testsuites>