<?xml version="1.0" encoding="utf-8"?><testsuites name="pytest tests"><testsuite name="pytest" errors="0" failures="1" skipped="0" tests="11" time="6.853" timestamp="2026-02-22T18:22:49.126465+00:00" hostname="agent-env-681c3c15-d601-427b-ab86-caf41c69b51f"><testcase classname="backend.tests.test_super_admin_api.TestSuperAdminAuth" name="test_login_success" time="0.395" /><testcase classname="backend.tests.test_super_admin_api.TestSuperAdminAuth" name="test_login_invalid_credentials" time="0.127"><failure message="AssertionError: Expected 401, got 200&#10;assert 200 == 401&#10; +  where 200 = &lt;Response [200]&gt;.status_code">backend/tests/test_super_admin_api.py:41: in test_login_invalid_credentials
    assert response.status_code == 401, f"Expected 401, got {response.status_code}"
E   AssertionError: Expected 401, got 200
E   assert 200 == 401
E    +  where 200 = &lt;Response [200]&gt;.status_code</failure></testcase><testcase classname="backend.tests.test_super_admin_api.TestSuperAdminAuth" name="test_get_me" time="0.490" /><testcase classname="backend.tests.test_super_admin_api.TestClientManagement" name="test_get_clients" time="0.533" /><testcase classname="backend.tests.test_super_admin_api.TestClientManagement" name="test_get_client_detail" time="0.510" /><testcase classname="backend.tests.test_super_admin_api.TestFeatureManagement" name="test_get_client_features" time="0.537" /><testcase classname="backend.tests.test_super_admin_api.TestFeatureManagement" name="test_toggle_single_feature" time="0.907" /><testcase classname="backend.tests.test_super_admin_api.TestFeatureManagement" name="test_bulk_disable_features" time="0.964" /><testcase classname="backend.tests.test_super_admin_api.TestFeatureManagement" name="test_bulk_enable_features" time="0.490" /><testcase classname="backend.tests.test_super_admin_api.TestFeatureManagement" name="test_enable_all_features" time="0.705" /><testcase classname="backend.tests.test_super_admin_api.TestModuleLevelToggle" name="test_toggle_module_features" time="1.079" /></testsuite></testsuites>